2022-08-01 17:13:06.569  INFO 1216 --- [main] it.iad.sigeba2.Sigeba2Application        : Starting Sigeba2Application using Java 17.0.2 on DESKTOP-D6RMAB9 with PID 1216 (C:\Users\ricca\Documents\GitHub\buoni-cattivi\sigeba2\server\target\classes started by ricca in C:\Users\ricca\Documents\GitHub\buoni-cattivi\sigeba2\server)
2022-08-01 17:13:06.575 DEBUG 1216 --- [main] it.iad.sigeba2.Sigeba2Application        : Running with Spring Boot v2.7.2, Spring v5.3.22
2022-08-01 17:13:06.576  INFO 1216 --- [main] it.iad.sigeba2.Sigeba2Application        : No active profile set, falling back to 1 default profile: "default"
2022-08-01 17:13:08.995  WARN 1216 --- [main] ConfigServletWebServerApplicationContext : Exception encountered during context initialization - cancelling refresh attempt: org.springframework.context.ApplicationContextException: Failed to start bean 'webServerStartStop'; nested exception is org.springframework.boot.web.server.PortInUseException: Port 8080 is already in use
2022-08-01 17:13:09.058 ERROR 1216 --- [main] o.s.b.d.LoggingFailureAnalysisReporter   : 

***************************
APPLICATION FAILED TO START
***************************

Description:

Web server failed to start. Port 8080 was already in use.

Action:

Identify and stop the process that's listening on port 8080 or configure this application to listen on another port.

2022-08-01 17:13:25.165  INFO 5680 --- [main] it.iad.sigeba2.Sigeba2Application        : Starting Sigeba2Application using Java 17.0.2 on DESKTOP-D6RMAB9 with PID 5680 (C:\Users\ricca\Documents\GitHub\buoni-cattivi\sigeba2\server\target\classes started by ricca in C:\Users\ricca\Documents\GitHub\buoni-cattivi\sigeba2\server)
2022-08-01 17:13:25.169 DEBUG 5680 --- [main] it.iad.sigeba2.Sigeba2Application        : Running with Spring Boot v2.7.2, Spring v5.3.22
2022-08-01 17:13:25.169  INFO 5680 --- [main] it.iad.sigeba2.Sigeba2Application        : No active profile set, falling back to 1 default profile: "default"
2022-08-01 17:13:27.261  INFO 5680 --- [main] it.iad.sigeba2.Sigeba2Application        : Started Sigeba2Application in 2.716 seconds (JVM running for 3.136)
2022-08-01 17:13:57.152  INFO 16088 --- [main] it.iad.sigeba2.Sigeba2Application        : Starting Sigeba2Application using Java 17.0.2 on DESKTOP-D6RMAB9 with PID 16088 (C:\Users\ricca\Documents\GitHub\buoni-cattivi\sigeba2\server\target\classes started by ricca in C:\Users\ricca\Documents\GitHub\buoni-cattivi\sigeba2\server)
2022-08-01 17:13:57.161 DEBUG 16088 --- [main] it.iad.sigeba2.Sigeba2Application        : Running with Spring Boot v2.7.2, Spring v5.3.22
2022-08-01 17:13:57.162  INFO 16088 --- [main] it.iad.sigeba2.Sigeba2Application        : No active profile set, falling back to 1 default profile: "default"
2022-08-01 17:13:59.433  WARN 16088 --- [main] ConfigServletWebServerApplicationContext : Exception encountered during context initialization - cancelling refresh attempt: org.springframework.context.ApplicationContextException: Failed to start bean 'webServerStartStop'; nested exception is org.springframework.boot.web.server.PortInUseException: Port 8080 is already in use
2022-08-01 17:13:59.483 ERROR 16088 --- [main] o.s.b.d.LoggingFailureAnalysisReporter   : 

***************************
APPLICATION FAILED TO START
***************************

Description:

Web server failed to start. Port 8080 was already in use.

Action:

Identify and stop the process that's listening on port 8080 or configure this application to listen on another port.

2022-08-01 17:14:59.395  INFO 17868 --- [main] it.iad.sigeba2.Sigeba2Application        : Starting Sigeba2Application using Java 17.0.2 on DESKTOP-D6RMAB9 with PID 17868 (C:\Users\ricca\Documents\GitHub\buoni-cattivi\sigeba2\server\target\classes started by ricca in C:\Users\ricca\Documents\GitHub\buoni-cattivi\sigeba2\server)
2022-08-01 17:14:59.399 DEBUG 17868 --- [main] it.iad.sigeba2.Sigeba2Application        : Running with Spring Boot v2.7.2, Spring v5.3.22
2022-08-01 17:14:59.401  INFO 17868 --- [main] it.iad.sigeba2.Sigeba2Application        : No active profile set, falling back to 1 default profile: "default"
2022-08-01 17:15:01.637  WARN 17868 --- [main] ConfigServletWebServerApplicationContext : Exception encountered during context initialization - cancelling refresh attempt: org.springframework.context.ApplicationContextException: Failed to start bean 'webServerStartStop'; nested exception is org.springframework.boot.web.server.PortInUseException: Port 8080 is already in use
2022-08-01 17:15:01.688 ERROR 17868 --- [main] o.s.b.d.LoggingFailureAnalysisReporter   : 

***************************
APPLICATION FAILED TO START
***************************

Description:

Web server failed to start. Port 8080 was already in use.

Action:

Identify and stop the process that's listening on port 8080 or configure this application to listen on another port.

2022-08-01 17:29:22.801  INFO 11612 --- [main] it.iad.sigeba2.Sigeba2Application        : Starting Sigeba2Application using Java 17.0.1 on DESKTOP-ETE4PHS with PID 11612 (C:\Users\use\Documents\NetBeansProjects\sigeba2\server\target\classes started by use in C:\Users\use\Documents\NetBeansProjects\sigeba2\server)
2022-08-01 17:29:22.804 DEBUG 11612 --- [main] it.iad.sigeba2.Sigeba2Application        : Running with Spring Boot v2.7.2, Spring v5.3.22
2022-08-01 17:29:22.805  INFO 11612 --- [main] it.iad.sigeba2.Sigeba2Application        : No active profile set, falling back to 1 default profile: "default"
2022-08-01 17:29:24.866  INFO 11612 --- [main] it.iad.sigeba2.Sigeba2Application        : Started Sigeba2Application in 2.534 seconds (JVM running for 2.894)
